[0.019s] Invoking command in '/home/liu/chapt3/topic_practice_ws/build/status_display': CMAKE_PREFIX_PATH=${CMAKE_PREFIX_PATH}:/home/liu/chapt3/topic_practice_ws/install/status_publisher:/opt/ros/humble /usr/bin/cmake --build /home/liu/chapt3/topic_practice_ws/build/status_display -- -j12 -l12
[0.060s] [35m[1mConsolidate compiler generated dependencies of target hello_qt[0m
[0.073s] [ 50%] [32mBuilding CXX object CMakeFiles/hello_qt.dir/src/hello_qt.cpp.o[0m
[0.909s] [01m[K/home/liu/chapt3/topic_practice_ws/src/status_display/src/hello_qt.cpp:[m[K In function â€˜[01m[Kint main(int, char**)[m[Kâ€™:
[0.910s] [01m[K/home/liu/chapt3/topic_practice_ws/src/status_display/src/hello_qt.cpp:7:5:[m[K [01;31m[Kerror: [m[Kâ€˜[01m[KQApllication[m[Kâ€™ was not declared in this scope; did you mean â€˜[01m[KQApplication[m[Kâ€™?
[0.910s]     7 |     [01;31m[KQApllication[m[K app(argc,argv);
[0.910s]       |     [01;31m[K^~~~~~~~~~~~[m[K
[0.910s]       |     [32m[KQApplication[m[K
[0.910s] [01m[K/home/liu/chapt3/topic_practice_ws/src/status_display/src/hello_qt.cpp:9:23:[m[K [01;31m[Kerror: [m[Kâ€˜[01m[KQstring[m[Kâ€™ has not been declared
[0.910s]     9 |     QString message = [01;31m[KQstring[m[K::fromStdString("Hello Qt!");
[0.910s]       |                       [01;31m[K^~~~~~~[m[K
[0.911s] [01m[K/home/liu/chapt3/topic_practice_ws/src/status_display/src/hello_qt.cpp:12:5:[m[K [01;31m[Kerror: [m[Kâ€˜[01m[Kapp[m[Kâ€™ was not declared in this scope
[0.911s]    12 |     [01;31m[Kapp[m[K.exec();//æ‰§è¡Œåº”ç”¨
[0.911s]       |     [01;31m[K^~~[m[K
[0.911s] [01m[K/home/liu/chapt3/topic_practice_ws/src/status_display/src/hello_qt.cpp:5:14:[m[K [01;35m[Kwarning: [m[Kunused parameter â€˜[01m[Kargc[m[Kâ€™ [[01;35m[K]8;;https://gcc.gnu.org/onlinedocs/gcc/Warning-Options.html#index-Wunused-parameter-Wunused-parameter]8;;[m[K]
[0.911s]     5 | int main([01;35m[Kint argc[m[K,char* argv[])
[0.911s]       |          [01;35m[K~~~~^~~~[m[K
[0.911s] [01m[K/home/liu/chapt3/topic_practice_ws/src/status_display/src/hello_qt.cpp:5:25:[m[K [01;35m[Kwarning: [m[Kunused parameter â€˜[01m[Kargv[m[Kâ€™ [[01;35m[K]8;;https://gcc.gnu.org/onlinedocs/gcc/Warning-Options.html#index-Wunused-parameter-Wunused-parameter]8;;[m[K]
[0.911s]     5 | int main(int argc,[01;35m[Kchar* argv[][m[K)
[0.911s]       |                   [01;35m[K~~~~~~^~~~~~[m[K
[1.026s] gmake[2]: *** [CMakeFiles/hello_qt.dir/build.make:76: CMakeFiles/hello_qt.dir/src/hello_qt.cpp.o] Error 1
[1.027s] gmake[1]: *** [CMakeFiles/Makefile2:137: CMakeFiles/hello_qt.dir/all] Error 2
[1.027s] gmake: *** [Makefile:146: all] Error 2
[1.028s] Invoked command in '/home/liu/chapt3/topic_practice_ws/build/status_display' returned '2': CMAKE_PREFIX_PATH=${CMAKE_PREFIX_PATH}:/home/liu/chapt3/topic_practice_ws/install/status_publisher:/opt/ros/humble /usr/bin/cmake --build /home/liu/chapt3/topic_practice_ws/build/status_display -- -j12 -l12
